*
*   Printer Information File
*
PRTDIALG  Y			* Print Dialog : YES
PRTID     "Registrations"       * Title displayed by Print Manager (16 chars)
FORMKIND C			* Kind of form : cut paper
PRTFONT  FAC			* Font face specification

FONTFACE "Arial"                * Default font face name
FONT000  "Courier New"
FONT001  "Marlett"
FONT002  "Arial"
FONT003  "Arial Black"
FONT004  "Arial Narrow"
FONT005  "Courier New"
FONT006  "Book Antiqua"
FONT007  "Bookman Old Style"
FONT008  "Courier New"
FONT009  "Courier New"
FONT010  "Courier New"
FONT011  "Courier New"
FONT012  "Century Schoolbook"
FONT013  "Courier New"
FONT014  "Courier New"
FONT015  "Comic Sans MS"
FONT016  "Courier New"
FONT017  "Courier New (OEM)"
FONT018  "Courier New"
FONT019  "Courier New"
FONT020  "Courier New"
FONT021  "Garamond"
FONT022  "Haettenschweiler"
FONT023  "Courier New"
FONT024  "Courier New"
FONT025  "Courier New"
FONT026  "Courier New"
FONT027  "Courier New"
FONT028  "Marlett"
FONT029  "Courier New"
FONT030  "Courier New"
FONT031  "Monotype Sorts"
FONT032  "MS LineDraw"
FONT033  "Courier New"
FONT034  "Courier New"
FONT035  "Courier New"
FONT036  "Courier New"
FONT037  "Courier New"
FONT038  "Courier New"
FONT039  "Courier New"
FONT040  "Symbol"
FONT041  "Courier New"
FONT042  "Courier New"
FONT043  "Times New Roman"
FONT044  "Courier New"
FONT045  "Wingdings"
FONT046  "Courier New"
FONT047  "Courier New"
